<?xml version="1.0" encoding="UTF-8"?>
<testng-results ignored="0" total="2" passed="1" failed="1" skipped="0">
  <reporter-output>
  </reporter-output>
  <suite started-at="2023-02-21T15:10:39 IST" name="Default suite" finished-at="2023-02-21T15:11:48 IST" duration-ms="69139">
    <groups>
    </groups>
    <test started-at="2023-02-21T15:10:39 IST" name="Default test" finished-at="2023-02-21T15:11:48 IST" duration-ms="69139">
      <class name="Module1_Home_TestClass.TestNG_TestClass">
        <test-method is-config="true" signature="OpenBrowser()[pri:0, instance:Module1_Home_TestClass.TestNG_TestClass@4466af20]" started-at="2023-02-21T15:10:39 IST" name="OpenBrowser" finished-at="2023-02-21T15:11:08 IST" duration-ms="29405" status="PASS">
          <reporter-output>
          </reporter-output>
        </test-method> <!-- OpenBrowser -->
        <test-method is-config="true" signature="LoginToApp()[pri:0, instance:Module1_Home_TestClass.TestNG_TestClass@4466af20]" started-at="2023-02-21T15:11:08 IST" name="LoginToApp" finished-at="2023-02-21T15:11:16 IST" duration-ms="8224" status="PASS">
          <reporter-output>
          </reporter-output>
        </test-method> <!-- LoginToApp -->
        <test-method signature="VerifyEmailAdress()[pri:1, instance:Module1_Home_TestClass.TestNG_TestClass@4466af20]" started-at="2023-02-21T15:11:16 IST" name="VerifyEmailAdress" finished-at="2023-02-21T15:11:36 IST" duration-ms="20088" status="PASS">
          <reporter-output>
          </reporter-output>
        </test-method> <!-- VerifyEmailAdress -->
        <test-method is-config="true" signature="LogedOutfromApp(org.testng.ITestResult)[pri:0, instance:Module1_Home_TestClass.TestNG_TestClass@4466af20]" started-at="2023-02-21T15:11:36 IST" name="LogedOutfromApp" finished-at="2023-02-21T15:11:39 IST" duration-ms="2898" status="PASS">
          <params>
            <param index="0">
              <value>
                <![CDATA[[TestResult name=VerifyEmailAdress status=SUCCESS method=TestNG_TestClass.VerifyEmailAdress()[pri:1, instance:Module1_Home_TestClass.TestNG_TestClass@4466af20] output={null}]]]>
              </value>
            </param>
          </params>
          <reporter-output>
          </reporter-output>
        </test-method> <!-- LogedOutfromApp -->
        <test-method is-config="true" signature="LoginToApp()[pri:0, instance:Module1_Home_TestClass.TestNG_TestClass@4466af20]" started-at="2023-02-21T15:11:39 IST" name="LoginToApp" finished-at="2023-02-21T15:11:44 IST" duration-ms="4186" status="PASS">
          <reporter-output>
          </reporter-output>
        </test-method> <!-- LoginToApp -->
        <test-method signature="VerifyTitle()[pri:2, instance:Module1_Home_TestClass.TestNG_TestClass@4466af20]" started-at="2023-02-21T15:11:44 IST" name="VerifyTitle" finished-at="2023-02-21T15:11:44 IST" duration-ms="327" status="FAIL">
          <exception class="java.lang.NullPointerException">
            <message>
              <![CDATA[Cannot invoke "org.apache.poi.ss.usermodel.Row.getCell(int)" because the return value of "org.apache.poi.ss.usermodel.Sheet.getRow(int)" is null]]>
            </message>
            <full-stacktrace>
              <![CDATA[java.lang.NullPointerException: Cannot invoke "org.apache.poi.ss.usermodel.Row.getCell(int)" because the return value of "org.apache.poi.ss.usermodel.Sheet.getRow(int)" is null
at Library_files.UtilityClass.getdatafromexcelsheet(UtilityClass.java:59)
at Module1_Home_TestClass.TestNG_TestClass.VerifyTitle(TestNG_TestClass.java:77)
at java.base/jdk.internal.reflect.NativeMethodAccessorImpl.invoke0(Native Method)
at java.base/jdk.internal.reflect.NativeMethodAccessorImpl.invoke(NativeMethodAccessorImpl.java:77)
at java.base/jdk.internal.reflect.DelegatingMethodAccessorImpl.invoke(DelegatingMethodAccessorImpl.java:43)
at java.base/java.lang.reflect.Method.invoke(Method.java:568)
at org.testng.internal.MethodInvocationHelper.invokeMethod(MethodInvocationHelper.java:133)
at org.testng.internal.TestInvoker.invokeMethod(TestInvoker.java:598)
at org.testng.internal.TestInvoker.invokeTestMethod(TestInvoker.java:173)
at org.testng.internal.MethodRunner.runInSequence(MethodRunner.java:46)
at org.testng.internal.TestInvoker$MethodInvocationAgent.invoke(TestInvoker.java:824)
at org.testng.internal.TestInvoker.invokeTestMethods(TestInvoker.java:146)
at org.testng.internal.TestMethodWorker.invokeTestMethods(TestMethodWorker.java:146)
at org.testng.internal.TestMethodWorker.run(TestMethodWorker.java:128)
at java.base/java.util.ArrayList.forEach(ArrayList.java:1511)
at org.testng.TestRunner.privateRun(TestRunner.java:794)
at org.testng.TestRunner.run(TestRunner.java:596)
at org.testng.SuiteRunner.runTest(SuiteRunner.java:377)
at org.testng.SuiteRunner.runSequentially(SuiteRunner.java:371)
at org.testng.SuiteRunner.privateRun(SuiteRunner.java:332)
at org.testng.SuiteRunner.run(SuiteRunner.java:276)
at org.testng.SuiteRunnerWorker.runSuite(SuiteRunnerWorker.java:53)
at org.testng.SuiteRunnerWorker.run(SuiteRunnerWorker.java:96)
at org.testng.TestNG.runSuitesSequentially(TestNG.java:1212)
at org.testng.TestNG.runSuitesLocally(TestNG.java:1134)
at org.testng.TestNG.runSuites(TestNG.java:1063)
at org.testng.TestNG.run(TestNG.java:1031)
at org.testng.remote.AbstractRemoteTestNG.run(AbstractRemoteTestNG.java:115)
at org.testng.remote.RemoteTestNG.initAndRun(RemoteTestNG.java:251)
at org.testng.remote.RemoteTestNG.main(RemoteTestNG.java:77)
]]>
            </full-stacktrace>
          </exception> <!-- java.lang.NullPointerException -->
          <reporter-output>
          </reporter-output>
        </test-method> <!-- VerifyTitle -->
        <test-method is-config="true" signature="LogedOutfromApp(org.testng.ITestResult)[pri:0, instance:Module1_Home_TestClass.TestNG_TestClass@4466af20]" started-at="2023-02-21T15:11:44 IST" name="LogedOutfromApp" finished-at="2023-02-21T15:11:46 IST" duration-ms="2569" status="PASS">
          <params>
            <param index="0">
              <value>
                <![CDATA[[TestResult name=VerifyTitle status=FAILURE method=TestNG_TestClass.VerifyTitle()[pri:2, instance:Module1_Home_TestClass.TestNG_TestClass@4466af20] output={null}]]]>
              </value>
            </param>
          </params>
          <reporter-output>
          </reporter-output>
        </test-method> <!-- LogedOutfromApp -->
        <test-method is-config="true" signature="Closebrowser()[pri:0, instance:Module1_Home_TestClass.TestNG_TestClass@4466af20]" started-at="2023-02-21T15:11:46 IST" name="Closebrowser" finished-at="2023-02-21T15:11:48 IST" duration-ms="1307" status="PASS">
          <reporter-output>
          </reporter-output>
        </test-method> <!-- Closebrowser -->
      </class> <!-- Module1_Home_TestClass.TestNG_TestClass -->
    </test> <!-- Default test -->
  </suite> <!-- Default suite -->
</testng-results>
